<?xml version="1.0" encoding="UTF-8"?>
<!-- Generated by org.testng.reporters.JUnitReportReporter -->
<testsuite hostname="PK-PC" name="in.theyachtclub.automation.pom.tests.HomePageTest" tests="1" failures="0" timestamp="23 Apr 2016 19:07:23 GMT" time="0.809" errors="0">
  <testcase name="m1" time="0.809" classname="in.theyachtclub.automation.pom.tests.HomePageTest"/>
</testsuite> <!-- in.theyachtclub.automation.pom.tests.HomePageTest -->
